<?xml version="1.0" encoding="UTF-8"?>
<testsuite xmlns:xsi="http://www.w3.org/2001/XMLSchema-instance" xsi:noNamespaceSchemaLocation="https://maven.apache.org/surefire/maven-surefire-plugin/xsd/surefire-test-report-3.0.xsd" version="3.0" name="RegistrationScreenTest" time="7.205" tests="3" errors="0" skipped="0" failures="0">
  <properties>
[...]
</properties>
  <testcase name="testRegistration" classname="RegistrationScreenTest" time="5.745"/>
  <testcase name="testLabels" classname="RegistrationScreenTest" time="0.553"/>
  <testcase name="testRegisterButton" classname="RegistrationScreenTest" time="0.903"/>
</testsuite>